This is pdfTeX, Version 3.14159265-2.6-1.40.18 (TeX Live 2017) (preloaded format=pdflatex 2017.5.23)  28 JUN 2019 11:45
entering extended mode
 restricted \write18 enabled.
 file:line:error style messages enabled.
 %&-line parsing enabled.
**/Users/bmannakee/Desktop/projects/caller_paper/NAR_DRAFT.tex
(/Users/bmannakee/Desktop/projects/caller_paper/NAR_DRAFT.tex
LaTeX2e <2017-04-15>
Babel <3.10> and hyphenation patterns for 84 language(s) loaded.
(/Users/bmannakee/Desktop/projects/caller_paper/NAR.cls
Document Class: NAR 2007/03/23 v1.4b Standard LaTeX document class
(/Users/bmannakee/Desktop/projects/caller_paper/fleqn.clo
File: fleqn.clo 1998/08/17 v1.1c Standard LaTeX option (flush left equations)
\mathindent=\dimen102
) (/Users/bmannakee/Desktop/projects/caller_paper/crop.sty
Package: crop 2001/11/16 v1.6 cropmarks (mf)
\CROP@width=\dimen103
\CROP@height=\dimen104
\CROP@index=\count79
 (/usr/local/texlive/2017/texmf-dist/tex/latex/graphics/graphics.sty
Package: graphics 2017/04/14 v1.1b Standard LaTeX Graphics (DPC,SPQR)
 (/usr/local/texlive/2017/texmf-dist/tex/latex/graphics/trig.sty
Package: trig 2016/01/03 v1.10 sin cos tan (DPC)
) (/usr/local/texlive/2017/texmf-dist/tex/latex/graphics-cfg/graphics.cfg
File: graphics.cfg 2016/06/04 v1.11 sample graphics configuration
)
Package graphics Info: Driver file: pdftex.def on input line 99.
 (/usr/local/texlive/2017/texmf-dist/tex/latex/graphics-def/pdftex.def
File: pdftex.def 2017/01/12 v0.06k Graphics/color for pdfTeX
 (/usr/local/texlive/2017/texmf-dist/tex/generic/oberdiek/infwarerr.sty
Package: infwarerr 2016/05/16 v1.4 Providing info/warning/error messages (HO)
) (/usr/local/texlive/2017/texmf-dist/tex/generic/oberdiek/ltxcmds.sty
Package: ltxcmds 2016/05/16 v1.23 LaTeX kernel commands for general use (HO)
)
\Gread@gobject=\count80
))
\CROP@offset=\count81
Package crop Info: Local config file crop.cfg used on input line 346.
 (/usr/local/texlive/2017/texmf-dist/tex/xelatex/xetexconfig/crop.cfg))
Package crop Info: using pdf(la)tex graphics driver on input line 76.
 (/usr/local/texlive/2017/texmf-dist/tex/latex/base/inputenc.sty
Package: inputenc 2015/03/17 v1.2c Input encoding file
\inpenc@prehook=\toks14
\inpenc@posthook=\toks15
) (/usr/local/texlive/2017/texmf-dist/tex/latex/amsmath/amsmath.sty
Package: amsmath 2016/11/05 v2.16a AMS math features
\@mathmargin=\skip41

For additional information on amsmath, use the `?' option.
(/usr/local/texlive/2017/texmf-dist/tex/latex/amsmath/amstext.sty
Package: amstext 2000/06/29 v2.01 AMS text
 (/usr/local/texlive/2017/texmf-dist/tex/latex/amsmath/amsgen.sty
File: amsgen.sty 1999/11/30 v2.0 generic functions
\@emptytoks=\toks16
\ex@=\dimen105
)) (/usr/local/texlive/2017/texmf-dist/tex/latex/amsmath/amsbsy.sty
Package: amsbsy 1999/11/29 v1.2d Bold Symbols
\pmbraise@=\dimen106
) (/usr/local/texlive/2017/texmf-dist/tex/latex/amsmath/amsopn.sty
Package: amsopn 2016/03/08 v2.02 operator names
)
\inf@bad=\count82
LaTeX Info: Redefining \frac on input line 213.
\uproot@=\count83
\leftroot@=\count84
LaTeX Info: Redefining \overline on input line 375.
\classnum@=\count85
\DOTSCASE@=\count86
LaTeX Info: Redefining \ldots on input line 472.
LaTeX Info: Redefining \dots on input line 475.
LaTeX Info: Redefining \cdots on input line 596.
\Mathstrutbox@=\box26
\strutbox@=\box27
\big@size=\dimen107
LaTeX Font Info:    Redeclaring font encoding OML on input line 712.
LaTeX Font Info:    Redeclaring font encoding OMS on input line 713.
\macc@depth=\count87
\c@MaxMatrixCols=\count88
\dotsspace@=\muskip10
\c@parentequation=\count89
\dspbrk@lvl=\count90
\tag@help=\toks17
\row@=\count91
\column@=\count92
\maxfields@=\count93
\andhelp@=\toks18
\eqnshift@=\dimen108
\alignsep@=\dimen109
\tagshift@=\dimen110
\tagwidth@=\dimen111
\totwidth@=\dimen112
\lineht@=\dimen113
\@envbody=\toks19
\multlinegap=\skip42
\multlinetaggap=\skip43
\mathdisplay@stack=\toks20
LaTeX Info: Redefining \[ on input line 2817.
LaTeX Info: Redefining \] on input line 2818.
) (/usr/local/texlive/2017/texmf-dist/tex/latex/amsfonts/amssymb.sty
Package: amssymb 2013/01/14 v3.01 AMS font symbols
 (/usr/local/texlive/2017/texmf-dist/tex/latex/amsfonts/amsfonts.sty
Package: amsfonts 2013/01/14 v3.01 Basic AMSFonts support
\symAMSa=\mathgroup4
\symAMSb=\mathgroup5
LaTeX Font Info:    Overwriting math alphabet `\mathfrak' in version `bold'
(Font)                  U/euf/m/n --> U/euf/b/n on input line 106.
)) (/usr/local/texlive/2017/texmf-dist/tex/latex/base/latexsym.sty
Package: latexsym 1998/08/17 v2.2e Standard LaTeX package (lasy symbols)
\symlasy=\mathgroup6
LaTeX Font Info:    Overwriting symbol font `lasy' in version `bold'
(Font)                  U/lasy/m/n --> U/lasy/b/n on input line 52.
) (/usr/local/texlive/2017/texmf-dist/tex/latex/float/float.sty
Package: float 2001/11/08 v1.3d Float enhancements (AL)
\c@float@type=\count94
\float@exts=\toks21
\float@box=\box28
\@float@everytoks=\toks22
\@floatcapt=\box29
) (/usr/local/texlive/2017/texmf-dist/tex/latex/graphics/epsfig.sty
Package: epsfig 1999/02/16 v1.7a (e)psfig emulation (SPQR)
 (/usr/local/texlive/2017/texmf-dist/tex/latex/graphics/graphicx.sty
Package: graphicx 2014/10/28 v1.0g Enhanced LaTeX Graphics (DPC,SPQR)
 (/usr/local/texlive/2017/texmf-dist/tex/latex/graphics/keyval.sty
Package: keyval 2014/10/28 v1.15 key=value parser (DPC)
\KV@toks@=\toks23
)
\Gin@req@height=\dimen114
\Gin@req@width=\dimen115
)
\epsfxsize=\dimen116
\epsfysize=\dimen117
) (/usr/local/texlive/2017/texmf-dist/tex/latex/wrapfig/wrapfig.sty
\wrapoverhang=\dimen118
\WF@size=\dimen119
\c@WF@wrappedlines=\count95
\WF@box=\box30
\WF@everypar=\toks24
Package: wrapfig 2003/01/31  v 3.6
) (/usr/local/texlive/2017/texmf-dist/tex/latex/sttools/stfloats.sty
Package: stfloats 2017/03/27 v3.3 Improve float mechanism and baselineskip settings
\@dblbotnum=\count96
\c@dblbotnumber=\count97
) (/usr/local/texlive/2017/texmf-dist/tex/latex/tools/multicol.sty
Package: multicol 2017/04/11 v1.8q multicolumn formatting (FMi)
\c@tracingmulticols=\count98
\mult@box=\box31
\multicol@leftmargin=\dimen120
\c@unbalance=\count99
\c@collectmore=\count100
\doublecol@number=\count101
\multicoltolerance=\count102
\multicolpretolerance=\count103
\full@width=\dimen121
\page@free=\dimen122
\premulticols=\dimen123
\postmulticols=\dimen124
\multicolsep=\skip44
\multicolbaselineskip=\skip45
\partial@page=\box32
\last@line=\box33
\maxbalancingoverflow=\dimen125
\mult@rightbox=\box34
\mult@grightbox=\box35
\mult@gfirstbox=\box36
\mult@firstbox=\box37
\@tempa=\box38
\@tempa=\box39
\@tempa=\box40
\@tempa=\box41
\@tempa=\box42
\@tempa=\box43
\@tempa=\box44
\@tempa=\box45
\@tempa=\box46
\@tempa=\box47
\@tempa=\box48
\@tempa=\box49
\@tempa=\box50
\@tempa=\box51
\@tempa=\box52
\@tempa=\box53
\@tempa=\box54
\c@columnbadness=\count104
\c@finalcolumnbadness=\count105
\last@try=\dimen126
\multicolovershoot=\dimen127
\multicolundershoot=\dimen128
\mult@nat@firstbox=\box55
\colbreak@box=\box56
\mc@col@check@num=\count106
) (/usr/local/texlive/2017/texmf-dist/tex/latex/graphics/rotating.sty
Package: rotating 2016/08/11 v2.16d rotated objects in LaTeX
 (/usr/local/texlive/2017/texmf-dist/tex/latex/base/ifthen.sty
Package: ifthen 2014/09/29 v1.1c Standard LaTeX ifthen package (DPC)
)
\c@r@tfl@t=\count107
\rotFPtop=\skip46
\rotFPbot=\skip47
\rot@float@box=\box57
\rot@mess@toks=\toks25
) (/usr/local/texlive/2017/texmf-dist/tex/latex/multirow/multirow.sty
Package: multirow 2016/11/25 v2.2 Span multiple rows of a table
\multirow@colwidth=\skip48
\multirow@cntb=\count108
\multirow@dima=\skip49
\bigstrutjot=\dimen129
) (/usr/local/texlive/2017/texmf-dist/tex/latex/tools/dcolumn.sty
Package: dcolumn 2014/10/28 v1.06 decimal alignment package (DPC)
 (/usr/local/texlive/2017/texmf-dist/tex/latex/tools/array.sty
Package: array 2016/10/06 v2.4d Tabular extension package (FMi)
\col@sep=\dimen130
\extrarowheight=\dimen131
\NC@list=\toks26
\extratabsurround=\skip50
\backup@length=\skip51
)) (/usr/local/texlive/2017/texmf-dist/tex/latex/boxedminipage/boxedminipage.sty) (/usr/local/texlive/2017/texmf-dist/tex/latex/base/makeidx.sty
Package: makeidx 2014/09/29 v1.0m Standard LaTeX package
) (/usr/local/texlive/2017/texmf-dist/tex/latex/soul/soul.sty
Package: soul 2003/11/17 v2.4 letterspacing/underlining (mf)
\SOUL@word=\toks27
\SOUL@lasttoken=\toks28
\SOUL@cmds=\toks29
\SOUL@buffer=\toks30
\SOUL@token=\toks31
\SOUL@spaceskip=\skip52
\SOUL@ttwidth=\dimen132
\SOUL@uldp=\dimen133
\SOUL@ulht=\dimen134
) (/usr/local/texlive/2017/texmf-dist/tex/latex/url/url.sty
\Urlmuskip=\muskip11
Package: url 2013/09/16  ver 3.4  Verb mode for urls, etc.
) (/usr/local/texlive/2017/texmf-dist/tex/latex/tools/xspace.sty
Package: xspace 2014/10/28 v1.13 Space after command names (DPC,MH)
) (/Users/bmannakee/Desktop/projects/caller_paper/times.sty
Package: times 2000/01/12 PSNFSS-v8.1 Times font as default roman (SPQR) 
)
\jnameskip=\skip53
\titleskip=\dimen135
\ruleskip=\dimen136
\ruleht=\dimen137
\droplines=\count109
\dropsep=\dimen138
\capvskip=\skip54
\caphskip=\skip55
\capwd=\dimen139
\droplinewd=\dimen140
\c@part=\count110
\c@section=\count111
\c@subsection=\count112
\c@subsubsection=\count113
\c@paragraph=\count114
\c@subparagraph=\count115
\labelwidthi=\dimen141
\labelwidthii=\dimen142
\labelwidthiii=\dimen143
\labelwidthiv=\dimen144
\topsepi=\skip56
\topsepii=\skip57
\topsepiii=\skip58
\topsepiv=\skip59
\itemsepi=\skip60
\itemsepii=\skip61
\itemsepiii=\skip62
\itemsepiv=\skip63
\labelsepi=\dimen145
\labelsepii=\dimen146
\labelsepiii=\dimen147
\labelsepiv=\dimen148
\parsepi=\dimen149
\parsepii=\dimen150
\parsepiii=\dimen151
\parsepiv=\dimen152
\rightmargini=\dimen153
\rightmarginii=\dimen154
\rightmarginiii=\dimen155
\rightmarginiv=\dimen156
\itemindenti=\dimen157
\itemindentii=\dimen158
\itemindentiii=\dimen159
\itemindentiv=\dimen160
\labelleftmargin=\dimen161
\c@figure=\count116
\c@table=\count117
\abovecaptionskip=\skip64
\belowcaptionskip=\skip65
\figurewidth=\dimen162
\figureheight=\dimen163
\dwidth=\dimen164
\dheight=\dimen165
\ncolumns=\count118
\nrows=\count119
\tablewd=\dimen166
\tablewidth=\dimen167
\captionwd=\dimen168
\tempbox=\box58
\tableleftskip=\skip66
\tablerightskip=\skip67
\tablecapleftskip=\skip68
\tablecaprightskip=\skip69
\tablefootleftskip=\skip70
\tablefootrightskip=\skip71
\footnumskip=\dimen169
\bibindent=\dimen170
\maxbibwd=\dimen171
 (/Users/bmannakee/Desktop/projects/caller_paper/NAR-natbib.sty
Package: NAR-natbib 2000/07/24 7.0a (PWD)
\bibhang=\skip72
\bibsep=\skip73
LaTeX Info: Redefining \cite on input line 509.
\c@NAT@ctr=\count120
)
\hours=\count121
\minutes=\count122
\grid@sidemargin=\dimen172
\grid@wd=\dimen173
\grid@ht=\dimen174
\grid@linewd=\dimen175
\grid@topofline=\dimen176
LaTeX Info: Redefining \textso on input line 1856.
\currfontsize=\dimen177
 (/usr/local/texlive/2017/texmf-dist/tex/latex/amscls/amsthm.sty
Package: amsthm 2015/03/04 v2.20.2
\thm@style=\toks32
\thm@bodyfont=\toks33
\thm@headfont=\toks34
\thm@notefont=\toks35
\thm@headpunct=\toks36
\thm@preskip=\skip74
\thm@postskip=\skip75
\thm@headsep=\skip76
\dth@everypar=\toks37
)
\@indexfile=\write3
\openout3 = `NAR_DRAFT.idx'.


Writing index file NAR_DRAFT.idx
) (/Users/bmannakee/Desktop/projects/caller_paper/NAR_DRAFT.aux)
\openout1 = `NAR_DRAFT.aux'.

LaTeX Font Info:    Checking defaults for OML/cmm/m/it on input line 12.
LaTeX Font Info:    ... okay on input line 12.
LaTeX Font Info:    Checking defaults for T1/cmr/m/n on input line 12.
LaTeX Font Info:    ... okay on input line 12.
LaTeX Font Info:    Checking defaults for OT1/cmr/m/n on input line 12.
LaTeX Font Info:    ... okay on input line 12.
LaTeX Font Info:    Checking defaults for OMS/cmsy/m/n on input line 12.
LaTeX Font Info:    ... okay on input line 12.
LaTeX Font Info:    Checking defaults for OMX/cmex/m/n on input line 12.
LaTeX Font Info:    ... okay on input line 12.
LaTeX Font Info:    Checking defaults for U/cmr/m/n on input line 12.
LaTeX Font Info:    ... okay on input line 12.
LaTeX Font Info:    Try loading font information for OT1+ptm on input line 12.
 (/usr/local/texlive/2017/texmf-dist/tex/latex/psnfss/ot1ptm.fd
File: ot1ptm.fd 2001/06/04 font definitions for OT1/ptm.
) (/usr/local/texlive/2017/texmf-dist/tex/context/base/mkii/supp-pdf.mkii
[Loading MPS to PDF converter (version 2006.09.02).]
\scratchcounter=\count123
\scratchdimen=\dimen178
\scratchbox=\box59
\nofMPsegments=\count124
\nofMParguments=\count125
\everyMPshowfont=\toks38
\MPscratchCnt=\count126
\MPscratchDim=\dimen179
\MPnumerator=\count127
\makeMPintoPDFobject=\count128
\everyMPtoPDFconversion=\toks39
) (/usr/local/texlive/2017/texmf-dist/tex/generic/oberdiek/pdftexcmds.sty
Package: pdftexcmds 2017/03/19 v0.25 Utility functions of pdfTeX for LuaTeX (HO)
 (/usr/local/texlive/2017/texmf-dist/tex/generic/oberdiek/ifluatex.sty
Package: ifluatex 2016/05/16 v1.4 Provides the ifluatex switch (HO)
Package ifluatex Info: LuaTeX not detected.
) (/usr/local/texlive/2017/texmf-dist/tex/generic/oberdiek/ifpdf.sty
Package: ifpdf 2017/03/15 v3.2 Provides the ifpdf switch
)
Package pdftexcmds Info: LuaTeX not detected.
Package pdftexcmds Info: \pdf@primitive is available.
Package pdftexcmds Info: \pdf@ifprimitive is available.
Package pdftexcmds Info: \pdfdraftmode found.
) (/usr/local/texlive/2017/texmf-dist/tex/latex/oberdiek/epstopdf-base.sty
Package: epstopdf-base 2016/05/15 v2.6 Base part for package epstopdf
 (/usr/local/texlive/2017/texmf-dist/tex/latex/oberdiek/grfext.sty
Package: grfext 2016/05/16 v1.2 Manage graphics extensions (HO)
 (/usr/local/texlive/2017/texmf-dist/tex/generic/oberdiek/kvdefinekeys.sty
Package: kvdefinekeys 2016/05/16 v1.4 Define keys (HO)
)) (/usr/local/texlive/2017/texmf-dist/tex/latex/oberdiek/kvoptions.sty
Package: kvoptions 2016/05/16 v3.12 Key value format for package options (HO)
 (/usr/local/texlive/2017/texmf-dist/tex/generic/oberdiek/kvsetkeys.sty
Package: kvsetkeys 2016/05/16 v1.17 Key value parser (HO)
 (/usr/local/texlive/2017/texmf-dist/tex/generic/oberdiek/etexcmds.sty
Package: etexcmds 2016/05/16 v1.6 Avoid name clashes with e-TeX commands (HO)
Package etexcmds Info: Could not find \expanded.
(etexcmds)             That can mean that you are not using pdfTeX 1.50 or
(etexcmds)             that some package has redefined \expanded.
(etexcmds)             In the latter case, load this package earlier.
)))
Package epstopdf-base Info: Redefining graphics rule for `.eps' on input line 438.
Package grfext Info: Graphics extension search list:
(grfext)             [.png,.pdf,.jpg,.mps,.jpeg,.jbig2,.jb2,.PNG,.PDF,.JPG,.JPEG,.JBIG2,.JB2,.eps]
(grfext)             \AppendGraphicsExtensions on input line 456.
 (/usr/local/texlive/2017/texmf-dist/tex/latex/latexconfig/epstopdf-sys.cfg
File: epstopdf-sys.cfg 2010/07/13 v1.3 Configuration of (r)epstopdf for TeX Live
))

LaTeX Font Warning: Font shape `OT1/cmss/b/n' undefined
(Font)              using `OT1/cmss/m/n' instead on input line 36.


LaTeX Font Warning: Font shape `OT1/cmss/m/n' in size <20> not available
(Font)              size <20.74> substituted on input line 36.


LaTeX Font Warning: Font shape `OT1/cmss/b/n' in size <20> not available
(Font)              size <20.74> substituted on input line 36.


Overfull \vbox (4.10277pt too high) detected at line 36
 []

LaTeX Font Info:    Try loading font information for U+msa on input line 36.
(/usr/local/texlive/2017/texmf-dist/tex/latex/amsfonts/umsa.fd
File: umsa.fd 2013/01/14 v3.01 AMS symbols A
)
LaTeX Font Info:    Try loading font information for U+msb on input line 36.
 (/usr/local/texlive/2017/texmf-dist/tex/latex/amsfonts/umsb.fd
File: umsb.fd 2013/01/14 v3.01 AMS symbols B
)
LaTeX Font Info:    Try loading font information for U+lasy on input line 36.
 (/usr/local/texlive/2017/texmf-dist/tex/latex/base/ulasy.fd
File: ulasy.fd 1998/08/17 v2.2e LaTeX symbol font definitions
)

LaTeX Font Warning: Font shape `OT1/cmss/n/n' undefined
(Font)              using `OT1/cmss/m/n' instead on input line 36.


Overfull \hbox (267.0pt too wide) in paragraph at lines 36--36
[][] 
 []


Underfull \hbox (badness 1616) in paragraph at lines 68--72
\OT1/ptm/m/n/10 confer a selective advantage on the cell. Understanding
 []


Underfull \hbox (badness 3333) in paragraph at lines 68--72
\OT1/ptm/m/n/10 the mutations that are responsible for its growth, the
 []


Underfull \hbox (badness 3792) in paragraph at lines 68--72
\OT1/ptm/m/n/10 rate at which mutations are occurring, or how much
 []


Underfull \hbox (badness 1147) in paragraph at lines 68--72
\OT1/ptm/m/n/10 genetic diversity is likely present in the tumor, requires
 []


Underfull \hbox (badness 7944) in paragraph at lines 68--72
\OT1/ptm/m/n/10 frequency [@Williams2016;@Bozic2016;@Williams2018].
 []


Underfull \hbox (badness 2443) in paragraph at lines 68--72
\OT1/ptm/m/n/10 the treatment regime for an individual patients disease
 []


Overfull \hbox (43.76799pt too wide) in paragraph at lines 68--72
\OT1/ptm/m/n/10 [@Ding2012;@Mardis2012;@Chen2013;@Borad2014;@Findlay2016].
 []

LaTeX Font Info:    Font shape `OT1/ptm/bx/n' in size <10> not available
(Font)              Font shape `OT1/ptm/b/n' tried instead on input line 76.

Package natbib Warning: Citation `@Larson2012' on page 1 undefined on input line 76.


Package natbib Warning: Citation `Roth2012a' on page 1 undefined on input line 76.


Package natbib Warning: Citation `@Christoforides2013' on page 1 undefined on input line 76.


Package natbib Warning: Citation `@Jones2016' on page 1 undefined on input line 76.


Package natbib Warning: Citation `@Dorri2019' on page 1 undefined on input line 76.


Underfull \hbox (badness 1748) in paragraph at lines 73--79
[]\OT1/ptm/m/n/10 Methods for identifying true somatic mutations - i.e.
 []


Underfull \hbox (badness 1584) in paragraph at lines 73--79
\OT1/ptm/m/n/10 variant calling - from NGS data are an active area of
 []


Underfull \hbox (badness 1430) in paragraph at lines 73--79
\OT1/ptm/m/n/10 Subsequent research gave rise to a number of alternate
 []


Underfull \hbox (badness 2318) in paragraph at lines 73--79
\OT1/ptm/m/n/10 JointSNVMix2, Seurat, and CaVEMan,MuClone)(\OT1/ptm/b/n/10 ?????\OT1/ptm/m/n/10 ),
 []


Underfull \hbox (badness 10000) in paragraph at lines 73--79
\OT1/ptm/m/n/10 allele frequency based analysis (Strelka, MuTect,
 []


Underfull \hbox (badness 10000) in paragraph at lines 73--79
\OT1/ptm/m/n/10 LoFreq, EBCall, deepSNV, LoLoPicker, and
 []


Overfull \hbox (69.10718pt too wide) in paragraph at lines 73--79
\OT1/ptm/m/n/10 MuSE)[@Saunders2012;@Wilm2012;Shiraishi2013b;Gerstung2012;@Carrot-
 []


Underfull \hbox (badness 6658) in paragraph at lines 73--79
\OT1/ptm/m/n/10 learning methods (MutationSeq, SomaticSeq, SNooPer,
 []


Underfull \hbox (badness 7116) in paragraph at lines 80--84
[]\OT1/ptm/m/n/10 Single nucleotide substitions, i.e. simple mutations,
 []


Underfull \hbox (badness 4217) in paragraph at lines 80--84
\OT1/ptm/m/n/10 by two main processes. The first is the spontaneous
 []


Underfull \hbox (badness 1442) in paragraph at lines 80--84
\OT1/ptm/m/n/10 the probability of mutation in a given genomic context
 []


Underfull \hbox (badness 1661) in paragraph at lines 80--84
\OT1/ptm/m/n/10 also have highly specific mutation signatures, such that
 []


Underfull \hbox (badness 3679) in paragraph at lines 80--84
\OT1/ptm/m/n/10 they can be identified by observing the mutations in
 []


Underfull \hbox (badness 10000) in paragraph at lines 80--84
\OT1/ptm/m/n/10 the tumor [@Alexandrov2013a;@Helleday2014a;@Nik-
 []


Underfull \hbox (badness 1895) in paragraph at lines 85--88
\OT1/ptm/m/n/10 the prior probability of mutation at a given site using
 []


Underfull \hbox (badness 3407) in paragraph at lines 85--88
\OT1/ptm/m/n/10 that the addition of this prior to the MuTect variant
 []


Underfull \hbox (badness 1152) in paragraph at lines 85--88
\OT1/ptm/m/n/10 with an application of the local false discovery rate by
 []


Underfull \vbox (badness 10000) has occurred while \output is active []

LaTeX Font Info:    Font shape `OT1/ptm/bx/it' in size <10> not available
(Font)              Font shape `OT1/ptm/b/it' tried instead on input line 88.
LaTeX Font Info:    Calculating math sizes for size <7.5> on input line 88.


LaTeX Font Warning: Font shape `OT1/cmr/m/n' in size <7.5> not available
(Font)              size <7> substituted on input line 88.


LaTeX Font Warning: Font shape `OT1/cmr/m/n' in size <3.75> not available
(Font)              size <5> substituted on input line 88.


LaTeX Font Warning: Font shape `OML/cmm/m/it' in size <7.5> not available
(Font)              size <7> substituted on input line 88.


LaTeX Font Warning: Font shape `OML/cmm/m/it' in size <3.75> not available
(Font)              size <5> substituted on input line 88.


LaTeX Font Warning: Font shape `OMS/cmsy/m/n' in size <7.5> not available
(Font)              size <7> substituted on input line 88.


LaTeX Font Warning: Font shape `OMS/cmsy/m/n' in size <3.75> not available
(Font)              size <5> substituted on input line 88.


LaTeX Font Warning: Font shape `U/lasy/m/n' in size <7.5> not available
(Font)              size <7> substituted on input line 88.


LaTeX Font Warning: Font shape `U/lasy/m/n' in size <3.75> not available
(Font)              size <5> substituted on input line 88.

LaTeX Font Info:    Try loading font information for OMS+ptm on input line 88.
(/usr/local/texlive/2017/texmf-dist/tex/latex/psnfss/omsptm.fd
File: omsptm.fd 
)
LaTeX Font Info:    Font shape `OMS/ptm/m/n' in size <7.5> not available
(Font)              Font shape `OMS/cmsy/m/n' tried instead on input line 88.


LaTeX Font Warning: Font shape `OMS/cmsy/m/n' in size <7.5> not available
(Font)              size <7> substituted on input line 88.

[1{/usr/local/texlive/2017/texmf-var/fonts/map/pdftex/updmap/pdftex.map}


]

LaTeX Warning: Reference `NAR-fig1' on page 2 undefined on input line 149.

Package epstopdf Info: Source file: <NAR-fig1.eps>
(epstopdf)                    date: 2009-07-18 09:35:36
(epstopdf)                    size: 441058 bytes
(epstopdf)             Output file: <NAR-fig1-eps-converted-to.pdf>
(epstopdf)                    date: 2019-06-28 10:52:30
(epstopdf)                    size: 10244 bytes
(epstopdf)             Command: <repstopdf --outfile=NAR-fig1-eps-converted-to.pdf NAR-fig1.eps>
(epstopdf)             \includegraphics on input line 171.
Package epstopdf Info: Output file is already uptodate.
<NAR-fig1-eps-converted-to.pdf, id=20, 207.77625pt x 110.4125pt>
File: NAR-fig1-eps-converted-to.pdf Graphic file (type pdf)
 <use NAR-fig1-eps-converted-to.pdf>
Package pdftex.def Info: NAR-fig1-eps-converted-to.pdf used on input line 171.
(pdftex.def)             Requested size: 207.77573pt x 110.41222pt.

Underfull \hbox (badness 10000) in alignment at lines 214--214
[][][][][] 
 []


Underfull \hbox (badness 10000) in alignment at lines 214--214
[][][][][] 
 []


LaTeX Warning: Reference `table:01' on page 2 undefined on input line 222.

[2 </Users/bmannakee/Desktop/projects/caller_paper/NAR-fig1-eps-converted-to.pdf>]

LaTeX Warning: Reference `NAR-fig2' on page 3 undefined on input line 227.

Package epstopdf Info: Source file: <NAR-fig2.eps>
(epstopdf)                    date: 2009-07-18 09:42:36
(epstopdf)                    size: 552142 bytes
(epstopdf)             Output file: <NAR-fig2-eps-converted-to.pdf>
(epstopdf)                    date: 2019-06-28 10:52:31
(epstopdf)                    size: 14075 bytes
(epstopdf)             Command: <repstopdf --outfile=NAR-fig2-eps-converted-to.pdf NAR-fig2.eps>
(epstopdf)             \includegraphics on input line 244.
Package epstopdf Info: Output file is already uptodate.
<NAR-fig2-eps-converted-to.pdf, id=32, 455.7025pt x 158.5925pt>
File: NAR-fig2-eps-converted-to.pdf Graphic file (type pdf)
 <use NAR-fig2-eps-converted-to.pdf>
Package pdftex.def Info: NAR-fig2-eps-converted-to.pdf used on input line 244.
(pdftex.def)             Requested size: 455.70137pt x 158.59209pt.
LaTeX Font Info:    Font shape `OT1/ptm/bx/n' in size <8> not available
(Font)              Font shape `OT1/ptm/b/n' tried instead on input line 249.

Underfull \vbox (badness 10000) has occurred while \output is active []

 [3 </Users/bmannakee/Desktop/projects/caller_paper/NAR-fig2-eps-converted-to.pdf>]
No file NAR_DRAFT.bbl.

Package natbib Warning: There were undefined citations.

[4

] (/Users/bmannakee/Desktop/projects/caller_paper/NAR_DRAFT.aux)

LaTeX Font Warning: Size substitutions with differences
(Font)              up to 1.25pt have occurred.


LaTeX Font Warning: Some font shapes were not available, defaults substituted.


LaTeX Warning: There were undefined references.


LaTeX Warning: Label(s) may have changed. Rerun to get cross-references right.

 ) 
Here is how much of TeX's memory you used:
 4146 strings out of 492995
 54960 string characters out of 6132704
 143329 words of memory out of 5000000
 7553 multiletter control sequences out of 15000+600000
 28331 words of font info for 76 fonts, out of 8000000 for 9000
 1150 hyphenation exceptions out of 8191
 39i,18n,34p,516b,333s stack positions out of 5000i,500n,10000p,200000b,80000s
{/usr/local/texlive/2017/texmf-dist/fonts/enc/dvips/base/8r.enc}</usr/local/texlive/2017/texmf-dist/fonts/type1/public/amsfonts/cm/cmex10.pfb></usr/local/texlive/2017/texmf-dist/fonts/type1/public/amsfonts/cm/cmmi10.pfb></usr/local/texlive/2017/texmf-dist/fonts/type1/public/amsfonts/cm/cmmi8.pfb></usr/local/texlive/2017/texmf-dist/fonts/type1/public/amsfonts/cm/cmr10.pfb></usr/local/texlive/2017/texmf-dist/fonts/type1/public/amsfonts/cm/cmr6.pfb></usr/local/texlive/2017/texmf-dist/fonts/type1/public/amsfonts/cm/cmr8.pfb></usr/local/texlive/2017/texmf-dist/fonts/type1/public/amsfonts/cm/cmss10.pfb></usr/local/texlive/2017/texmf-dist/fonts/type1/public/amsfonts/cm/cmss12.pfb></usr/local/texlive/2017/texmf-dist/fonts/type1/public/amsfonts/cm/cmss17.pfb></usr/local/texlive/2017/texmf-dist/fonts/type1/public/amsfonts/cm/cmss8.pfb></usr/local/texlive/2017/texmf-dist/fonts/type1/public/amsfonts/cm/cmsy10.pfb></usr/local/texlive/2017/texmf-dist/fonts/type1/public/amsfonts/cm/cmsy6.pfb></usr/local/texlive/2017/texmf-dist/fonts/type1/public/amsfonts/cm/cmsy7.pfb></usr/local/texlive/2017/texmf-dist/fonts/type1/public/amsfonts/cm/cmsy8.pfb></usr/local/texlive/2017/texmf-dist/fonts/type1/public/amsfonts/latxfont/lcircle1.pfb></usr/local/texlive/2017/texmf-dist/fonts/type1/urw/times/utmb8a.pfb></usr/local/texlive/2017/texmf-dist/fonts/type1/urw/times/utmbi8a.pfb></usr/local/texlive/2017/texmf-dist/fonts/type1/urw/times/utmr8a.pfb></usr/local/texlive/2017/texmf-dist/fonts/type1/urw/times/utmri8a.pfb>
Output written on /Users/bmannakee/Desktop/projects/caller_paper/NAR_DRAFT.pdf (4 pages, 202172 bytes).
PDF statistics:
 102 PDF objects out of 1000 (max. 8388607)
 74 compressed objects within 1 object stream
 0 named destinations out of 1000 (max. 500000)
 11 words of extra memory for PDF output out of 10000 (max. 10000000)

